<?xml version="1.0" encoding="UTF-8"?>
<!-- Generated by org.testng.reporters.JUnitReportReporter -->
<testsuite hostname="Jyothi" failures="0" tests="1" name="TestFibbo.FibboInvoke" time="0.010" errors="0" timestamp="2021-09-06T14:25:03 IST" skipped="0">
  <testcase classname="TestFibbo.FibboInvoke" name="testngexamplee" time="0.010"/>
  <system-out/>
</testsuite> <!-- TestFibbo.FibboInvoke -->
